<?xml version="1.0" encoding="UTF-8"?>
<testsuite xmlns:xsi="http://www.w3.org/2001/XMLSchema-instance" xsi:noNamespaceSchemaLocation="https://maven.apache.org/surefire/maven-surefire-plugin/xsd/surefire-test-report-3.0.xsd" version="3.0" name="com.inventory.InventorySystemTest" time="18.497" tests="5" errors="0" skipped="0" failures="0">
  <properties>
    <property name="java.specification.version" value="21"/>
    <property name="sun.jnu.encoding" value="UTF-8"/>
    <property name="java.class.path" value="/Users/flowmar/code/repos/github/flowmar/InventorySystemJavaFXApp/target/test-classes:/Users/flowmar/code/repos/github/flowmar/InventorySystemJavaFXApp/target/classes:/Users/flowmar/.m2/repository/org/openjfx/javafx-controls/17.0.13/javafx-controls-17.0.13.jar:/Users/flowmar/.m2/repository/org/openjfx/javafx-controls/17.0.13/javafx-controls-17.0.13-mac-aarch64.jar:/Users/flowmar/.m2/repository/org/openjfx/javafx-graphics/17.0.13/javafx-graphics-17.0.13.jar:/Users/flowmar/.m2/repository/org/openjfx/javafx-graphics/17.0.13/javafx-graphics-17.0.13-mac-aarch64.jar:/Users/flowmar/.m2/repository/org/openjfx/javafx-base/17.0.13/javafx-base-17.0.13.jar:/Users/flowmar/.m2/repository/org/openjfx/javafx-base/17.0.13/javafx-base-17.0.13-mac-aarch64.jar:/Users/flowmar/.m2/repository/org/openjfx/javafx-fxml/17.0.13/javafx-fxml-17.0.13.jar:/Users/flowmar/.m2/repository/org/openjfx/javafx-fxml/17.0.13/javafx-fxml-17.0.13-mac-aarch64.jar:/Users/flowmar/.m2/repository/com/mysql/mysql-connector-j/8.0.33/mysql-connector-j-8.0.33.jar:/Users/flowmar/.m2/repository/com/google/protobuf/protobuf-java/3.21.9/protobuf-java-3.21.9.jar:/Users/flowmar/.m2/repository/org/openjfx/javafx-maven-plugin/0.0.8/javafx-maven-plugin-0.0.8.jar:/Users/flowmar/.m2/repository/org/apache/maven/maven-plugin-api/3.6.0/maven-plugin-api-3.6.0.jar:/Users/flowmar/.m2/repository/org/apache/maven/maven-model/3.6.0/maven-model-3.6.0.jar:/Users/flowmar/.m2/repository/org/apache/maven/maven-artifact/3.6.0/maven-artifact-3.6.0.jar:/Users/flowmar/.m2/repository/org/eclipse/sisu/org.eclipse.sisu.plexus/0.3.3/org.eclipse.sisu.plexus-0.3.3.jar:/Users/flowmar/.m2/repository/javax/enterprise/cdi-api/1.0/cdi-api-1.0.jar:/Users/flowmar/.m2/repository/javax/annotation/jsr250-api/1.0/jsr250-api-1.0.jar:/Users/flowmar/.m2/repository/org/codehaus/plexus/plexus-utils/3.1.0/plexus-utils-3.1.0.jar:/Users/flowmar/.m2/repository/org/codehaus/plexus/plexus-classworlds/2.5.2/plexus-classworlds-2.5.2.jar:/Users/flowmar/.m2/repository/org/codehaus/plexus/plexus-java/0.9.11/plexus-java-0.9.11.jar:/Users/flowmar/.m2/repository/org/ow2/asm/asm/7.0-beta/asm-7.0-beta.jar:/Users/flowmar/.m2/repository/com/thoughtworks/qdox/qdox/2.0-M9/qdox-2.0-M9.jar:/Users/flowmar/.m2/repository/org/codehaus/plexus/plexus-archiver/3.6.0/plexus-archiver-3.6.0.jar:/Users/flowmar/.m2/repository/org/codehaus/plexus/plexus-io/3.0.1/plexus-io-3.0.1.jar:/Users/flowmar/.m2/repository/commons-io/commons-io/2.6/commons-io-2.6.jar:/Users/flowmar/.m2/repository/org/apache/commons/commons-compress/1.16.1/commons-compress-1.16.1.jar:/Users/flowmar/.m2/repository/org/objenesis/objenesis/2.6/objenesis-2.6.jar:/Users/flowmar/.m2/repository/org/iq80/snappy/snappy/0.4/snappy-0.4.jar:/Users/flowmar/.m2/repository/org/tukaani/xz/1.8/xz-1.8.jar:/Users/flowmar/.m2/repository/org/apache/commons/commons-exec/1.3/commons-exec-1.3.jar:/Users/flowmar/.m2/repository/org/apache/maven/maven-core/3.6.0/maven-core-3.6.0.jar:/Users/flowmar/.m2/repository/org/apache/maven/maven-settings/3.6.0/maven-settings-3.6.0.jar:/Users/flowmar/.m2/repository/org/apache/maven/maven-settings-builder/3.6.0/maven-settings-builder-3.6.0.jar:/Users/flowmar/.m2/repository/org/codehaus/plexus/plexus-interpolation/1.25/plexus-interpolation-1.25.jar:/Users/flowmar/.m2/repository/org/sonatype/plexus/plexus-sec-dispatcher/1.4/plexus-sec-dispatcher-1.4.jar:/Users/flowmar/.m2/repository/org/sonatype/plexus/plexus-cipher/1.4/plexus-cipher-1.4.jar:/Users/flowmar/.m2/repository/org/apache/maven/maven-builder-support/3.6.0/maven-builder-support-3.6.0.jar:/Users/flowmar/.m2/repository/org/apache/maven/maven-repository-metadata/3.6.0/maven-repository-metadata-3.6.0.jar:/Users/flowmar/.m2/repository/org/apache/maven/maven-model-builder/3.6.0/maven-model-builder-3.6.0.jar:/Users/flowmar/.m2/repository/org/apache/maven/maven-resolver-provider/3.6.0/maven-resolver-provider-3.6.0.jar:/Users/flowmar/.m2/repository/org/slf4j/slf4j-api/1.7.25/slf4j-api-1.7.25.jar:/Users/flowmar/.m2/repository/org/apache/maven/resolver/maven-resolver-impl/1.3.1/maven-resolver-impl-1.3.1.jar:/Users/flowmar/.m2/repository/org/apache/maven/resolver/maven-resolver-api/1.3.1/maven-resolver-api-1.3.1.jar:/Users/flowmar/.m2/repository/org/apache/maven/resolver/maven-resolver-spi/1.3.1/maven-resolver-spi-1.3.1.jar:/Users/flowmar/.m2/repository/org/apache/maven/resolver/maven-resolver-util/1.3.1/maven-resolver-util-1.3.1.jar:/Users/flowmar/.m2/repository/org/apache/maven/shared/maven-shared-utils/3.2.1/maven-shared-utils-3.2.1.jar:/Users/flowmar/.m2/repository/org/eclipse/sisu/org.eclipse.sisu.inject/0.3.3/org.eclipse.sisu.inject-0.3.3.jar:/Users/flowmar/.m2/repository/com/google/inject/guice/4.2.1/guice-4.2.1-no_aop.jar:/Users/flowmar/.m2/repository/aopalliance/aopalliance/1.0/aopalliance-1.0.jar:/Users/flowmar/.m2/repository/com/google/guava/guava/25.1-android/guava-25.1-android.jar:/Users/flowmar/.m2/repository/com/google/code/findbugs/jsr305/3.0.2/jsr305-3.0.2.jar:/Users/flowmar/.m2/repository/org/checkerframework/checker-compat-qual/2.0.0/checker-compat-qual-2.0.0.jar:/Users/flowmar/.m2/repository/com/google/errorprone/error_prone_annotations/2.1.3/error_prone_annotations-2.1.3.jar:/Users/flowmar/.m2/repository/com/google/j2objc/j2objc-annotations/1.1/j2objc-annotations-1.1.jar:/Users/flowmar/.m2/repository/org/codehaus/mojo/animal-sniffer-annotations/1.14/animal-sniffer-annotations-1.14.jar:/Users/flowmar/.m2/repository/javax/inject/javax.inject/1/javax.inject-1.jar:/Users/flowmar/.m2/repository/org/codehaus/plexus/plexus-component-annotations/1.7.1/plexus-component-annotations-1.7.1.jar:/Users/flowmar/.m2/repository/org/apache/commons/commons-lang3/3.8.1/commons-lang3-3.8.1.jar:/Users/flowmar/.m2/repository/org/junit/jupiter/junit-jupiter/5.10.2/junit-jupiter-5.10.2.jar:/Users/flowmar/.m2/repository/org/junit/jupiter/junit-jupiter-params/5.10.2/junit-jupiter-params-5.10.2.jar:/Users/flowmar/.m2/repository/org/junit/jupiter/junit-jupiter-api/5.10.2/junit-jupiter-api-5.10.2.jar:/Users/flowmar/.m2/repository/org/opentest4j/opentest4j/1.3.0/opentest4j-1.3.0.jar:/Users/flowmar/.m2/repository/org/junit/platform/junit-platform-commons/1.10.2/junit-platform-commons-1.10.2.jar:/Users/flowmar/.m2/repository/org/apiguardian/apiguardian-api/1.1.2/apiguardian-api-1.1.2.jar:/Users/flowmar/.m2/repository/org/junit/jupiter/junit-jupiter-engine/5.10.2/junit-jupiter-engine-5.10.2.jar:/Users/flowmar/.m2/repository/org/junit/platform/junit-platform-engine/1.10.2/junit-platform-engine-1.10.2.jar:"/>
    <property name="java.vm.vendor" value="JetBrains s.r.o."/>
    <property name="sun.arch.data.model" value="64"/>
    <property name="java.vendor.url" value="https://openjdk.org/"/>
    <property name="user.timezone" value="America/Chicago"/>
    <property name="os.name" value="Mac OS X"/>
    <property name="java.vm.specification.version" value="21"/>
    <property name="sun.java.launcher" value="SUN_STANDARD"/>
    <property name="user.country" value="US"/>
    <property name="sun.boot.library.path" value="/Users/flowmar/Applications/IntelliJ IDEA Ultimate.app/Contents/jbr/Contents/Home/lib"/>
    <property name="sun.java.command" value="/Users/flowmar/code/repos/github/flowmar/InventorySystemJavaFXApp/target/surefire/surefirebooter-20241229043543609_3.jar /Users/flowmar/code/repos/github/flowmar/InventorySystemJavaFXApp/target/surefire 2024-12-29T04-35-43_558-jvmRun1 surefire-20241229043543609_1tmp surefire_0-20241229043543609_2tmp"/>
    <property name="http.nonProxyHosts" value="local|*.local|169.254/16|*.169.254/16"/>
    <property name="jdk.debug" value="release"/>
    <property name="surefire.test.class.path" value="/Users/flowmar/code/repos/github/flowmar/InventorySystemJavaFXApp/target/test-classes:/Users/flowmar/code/repos/github/flowmar/InventorySystemJavaFXApp/target/classes:/Users/flowmar/.m2/repository/org/openjfx/javafx-controls/17.0.13/javafx-controls-17.0.13.jar:/Users/flowmar/.m2/repository/org/openjfx/javafx-controls/17.0.13/javafx-controls-17.0.13-mac-aarch64.jar:/Users/flowmar/.m2/repository/org/openjfx/javafx-graphics/17.0.13/javafx-graphics-17.0.13.jar:/Users/flowmar/.m2/repository/org/openjfx/javafx-graphics/17.0.13/javafx-graphics-17.0.13-mac-aarch64.jar:/Users/flowmar/.m2/repository/org/openjfx/javafx-base/17.0.13/javafx-base-17.0.13.jar:/Users/flowmar/.m2/repository/org/openjfx/javafx-base/17.0.13/javafx-base-17.0.13-mac-aarch64.jar:/Users/flowmar/.m2/repository/org/openjfx/javafx-fxml/17.0.13/javafx-fxml-17.0.13.jar:/Users/flowmar/.m2/repository/org/openjfx/javafx-fxml/17.0.13/javafx-fxml-17.0.13-mac-aarch64.jar:/Users/flowmar/.m2/repository/com/mysql/mysql-connector-j/8.0.33/mysql-connector-j-8.0.33.jar:/Users/flowmar/.m2/repository/com/google/protobuf/protobuf-java/3.21.9/protobuf-java-3.21.9.jar:/Users/flowmar/.m2/repository/org/openjfx/javafx-maven-plugin/0.0.8/javafx-maven-plugin-0.0.8.jar:/Users/flowmar/.m2/repository/org/apache/maven/maven-plugin-api/3.6.0/maven-plugin-api-3.6.0.jar:/Users/flowmar/.m2/repository/org/apache/maven/maven-model/3.6.0/maven-model-3.6.0.jar:/Users/flowmar/.m2/repository/org/apache/maven/maven-artifact/3.6.0/maven-artifact-3.6.0.jar:/Users/flowmar/.m2/repository/org/eclipse/sisu/org.eclipse.sisu.plexus/0.3.3/org.eclipse.sisu.plexus-0.3.3.jar:/Users/flowmar/.m2/repository/javax/enterprise/cdi-api/1.0/cdi-api-1.0.jar:/Users/flowmar/.m2/repository/javax/annotation/jsr250-api/1.0/jsr250-api-1.0.jar:/Users/flowmar/.m2/repository/org/codehaus/plexus/plexus-utils/3.1.0/plexus-utils-3.1.0.jar:/Users/flowmar/.m2/repository/org/codehaus/plexus/plexus-classworlds/2.5.2/plexus-classworlds-2.5.2.jar:/Users/flowmar/.m2/repository/org/codehaus/plexus/plexus-java/0.9.11/plexus-java-0.9.11.jar:/Users/flowmar/.m2/repository/org/ow2/asm/asm/7.0-beta/asm-7.0-beta.jar:/Users/flowmar/.m2/repository/com/thoughtworks/qdox/qdox/2.0-M9/qdox-2.0-M9.jar:/Users/flowmar/.m2/repository/org/codehaus/plexus/plexus-archiver/3.6.0/plexus-archiver-3.6.0.jar:/Users/flowmar/.m2/repository/org/codehaus/plexus/plexus-io/3.0.1/plexus-io-3.0.1.jar:/Users/flowmar/.m2/repository/commons-io/commons-io/2.6/commons-io-2.6.jar:/Users/flowmar/.m2/repository/org/apache/commons/commons-compress/1.16.1/commons-compress-1.16.1.jar:/Users/flowmar/.m2/repository/org/objenesis/objenesis/2.6/objenesis-2.6.jar:/Users/flowmar/.m2/repository/org/iq80/snappy/snappy/0.4/snappy-0.4.jar:/Users/flowmar/.m2/repository/org/tukaani/xz/1.8/xz-1.8.jar:/Users/flowmar/.m2/repository/org/apache/commons/commons-exec/1.3/commons-exec-1.3.jar:/Users/flowmar/.m2/repository/org/apache/maven/maven-core/3.6.0/maven-core-3.6.0.jar:/Users/flowmar/.m2/repository/org/apache/maven/maven-settings/3.6.0/maven-settings-3.6.0.jar:/Users/flowmar/.m2/repository/org/apache/maven/maven-settings-builder/3.6.0/maven-settings-builder-3.6.0.jar:/Users/flowmar/.m2/repository/org/codehaus/plexus/plexus-interpolation/1.25/plexus-interpolation-1.25.jar:/Users/flowmar/.m2/repository/org/sonatype/plexus/plexus-sec-dispatcher/1.4/plexus-sec-dispatcher-1.4.jar:/Users/flowmar/.m2/repository/org/sonatype/plexus/plexus-cipher/1.4/plexus-cipher-1.4.jar:/Users/flowmar/.m2/repository/org/apache/maven/maven-builder-support/3.6.0/maven-builder-support-3.6.0.jar:/Users/flowmar/.m2/repository/org/apache/maven/maven-repository-metadata/3.6.0/maven-repository-metadata-3.6.0.jar:/Users/flowmar/.m2/repository/org/apache/maven/maven-model-builder/3.6.0/maven-model-builder-3.6.0.jar:/Users/flowmar/.m2/repository/org/apache/maven/maven-resolver-provider/3.6.0/maven-resolver-provider-3.6.0.jar:/Users/flowmar/.m2/repository/org/slf4j/slf4j-api/1.7.25/slf4j-api-1.7.25.jar:/Users/flowmar/.m2/repository/org/apache/maven/resolver/maven-resolver-impl/1.3.1/maven-resolver-impl-1.3.1.jar:/Users/flowmar/.m2/repository/org/apache/maven/resolver/maven-resolver-api/1.3.1/maven-resolver-api-1.3.1.jar:/Users/flowmar/.m2/repository/org/apache/maven/resolver/maven-resolver-spi/1.3.1/maven-resolver-spi-1.3.1.jar:/Users/flowmar/.m2/repository/org/apache/maven/resolver/maven-resolver-util/1.3.1/maven-resolver-util-1.3.1.jar:/Users/flowmar/.m2/repository/org/apache/maven/shared/maven-shared-utils/3.2.1/maven-shared-utils-3.2.1.jar:/Users/flowmar/.m2/repository/org/eclipse/sisu/org.eclipse.sisu.inject/0.3.3/org.eclipse.sisu.inject-0.3.3.jar:/Users/flowmar/.m2/repository/com/google/inject/guice/4.2.1/guice-4.2.1-no_aop.jar:/Users/flowmar/.m2/repository/aopalliance/aopalliance/1.0/aopalliance-1.0.jar:/Users/flowmar/.m2/repository/com/google/guava/guava/25.1-android/guava-25.1-android.jar:/Users/flowmar/.m2/repository/com/google/code/findbugs/jsr305/3.0.2/jsr305-3.0.2.jar:/Users/flowmar/.m2/repository/org/checkerframework/checker-compat-qual/2.0.0/checker-compat-qual-2.0.0.jar:/Users/flowmar/.m2/repository/com/google/errorprone/error_prone_annotations/2.1.3/error_prone_annotations-2.1.3.jar:/Users/flowmar/.m2/repository/com/google/j2objc/j2objc-annotations/1.1/j2objc-annotations-1.1.jar:/Users/flowmar/.m2/repository/org/codehaus/mojo/animal-sniffer-annotations/1.14/animal-sniffer-annotations-1.14.jar:/Users/flowmar/.m2/repository/javax/inject/javax.inject/1/javax.inject-1.jar:/Users/flowmar/.m2/repository/org/codehaus/plexus/plexus-component-annotations/1.7.1/plexus-component-annotations-1.7.1.jar:/Users/flowmar/.m2/repository/org/apache/commons/commons-lang3/3.8.1/commons-lang3-3.8.1.jar:/Users/flowmar/.m2/repository/org/junit/jupiter/junit-jupiter/5.10.2/junit-jupiter-5.10.2.jar:/Users/flowmar/.m2/repository/org/junit/jupiter/junit-jupiter-params/5.10.2/junit-jupiter-params-5.10.2.jar:/Users/flowmar/.m2/repository/org/junit/jupiter/junit-jupiter-api/5.10.2/junit-jupiter-api-5.10.2.jar:/Users/flowmar/.m2/repository/org/opentest4j/opentest4j/1.3.0/opentest4j-1.3.0.jar:/Users/flowmar/.m2/repository/org/junit/platform/junit-platform-commons/1.10.2/junit-platform-commons-1.10.2.jar:/Users/flowmar/.m2/repository/org/apiguardian/apiguardian-api/1.1.2/apiguardian-api-1.1.2.jar:/Users/flowmar/.m2/repository/org/junit/jupiter/junit-jupiter-engine/5.10.2/junit-jupiter-engine-5.10.2.jar:/Users/flowmar/.m2/repository/org/junit/platform/junit-platform-engine/1.10.2/junit-platform-engine-1.10.2.jar:"/>
    <property name="sun.cpu.endian" value="little"/>
    <property name="user.home" value="/Users/flowmar"/>
    <property name="user.language" value="en"/>
    <property name="java.specification.vendor" value="Oracle Corporation"/>
    <property name="java.version.date" value="2024-10-15"/>
    <property name="java.home" value="/Users/flowmar/Applications/IntelliJ IDEA Ultimate.app/Contents/jbr/Contents/Home"/>
    <property name="file.separator" value="/"/>
    <property name="basedir" value="/Users/flowmar/code/repos/github/flowmar/InventorySystemJavaFXApp"/>
    <property name="java.vm.compressedOopsMode" value="Zero based"/>
    <property name="line.separator" value="&#10;"/>
    <property name="java.vm.specification.vendor" value="Oracle Corporation"/>
    <property name="java.specification.name" value="Java Platform API Specification"/>
    <property name="intellij.os.virtualization" value="none"/>
    <property name="jbr.virtualization.information" value="No virtualization detected"/>
    <property name="apple.awt.application.name" value="ForkedBooter"/>
    <property name="surefire.real.class.path" value="/Users/flowmar/code/repos/github/flowmar/InventorySystemJavaFXApp/target/surefire/surefirebooter-20241229043543609_3.jar"/>
    <property name="sun.management.compiler" value="HotSpot 64-Bit Tiered Compilers"/>
    <property name="ftp.nonProxyHosts" value="local|*.local|169.254/16|*.169.254/16"/>
    <property name="java.runtime.version" value="21.0.5+13-b509.30"/>
    <property name="user.name" value="flowmar"/>
    <property name="stdout.encoding" value="UTF-8"/>
    <property name="path.separator" value=":"/>
    <property name="os.version" value="15.2"/>
    <property name="java.runtime.name" value="OpenJDK Runtime Environment"/>
    <property name="file.encoding" value="UTF-8"/>
    <property name="java.vm.name" value="OpenJDK 64-Bit Server VM"/>
    <property name="java.vendor.version" value="JBR-21.0.5+13-509.30-jcef"/>
    <property name="localRepository" value="/Users/flowmar/.m2/repository"/>
    <property name="java.vendor.url.bug" value="https://bugreport.java.com/bugreport/"/>
    <property name="java.io.tmpdir" value="/var/folders/4b/l0h78f4x6tgdw27cd_3rkzx80000gn/T/"/>
    <property name="idea.version" value="2024.3.1.1"/>
    <property name="java.version" value="21.0.5"/>
    <property name="user.dir" value="/Users/flowmar/code/repos/github/flowmar/InventorySystemJavaFXApp"/>
    <property name="os.arch" value="aarch64"/>
    <property name="java.vm.specification.name" value="Java Virtual Machine Specification"/>
    <property name="native.encoding" value="UTF-8"/>
    <property name="java.library.path" value="/Users/flowmar/Library/Java/Extensions:/Library/Java/Extensions:/Network/Library/Java/Extensions:/System/Library/Java/Extensions:/usr/lib/java:."/>
    <property name="java.vm.info" value="mixed mode"/>
    <property name="stderr.encoding" value="UTF-8"/>
    <property name="java.vendor" value="JetBrains s.r.o."/>
    <property name="java.vm.version" value="21.0.5+13-b509.30"/>
    <property name="sun.io.unicode.encoding" value="UnicodeBig"/>
    <property name="socksNonProxyHosts" value="local|*.local|169.254/16|*.169.254/16"/>
    <property name="java.class.version" value="65.0"/>
  </properties>
  <testcase name="testAddPart" classname="com.inventory.InventorySystemTest" time="0.733">
    <system-out><![CDATA[Test setup completed successfully
MySQL JDBC Driver registered successfully
]]></system-out>
  </testcase>
  <testcase name="testAddProduct" classname="com.inventory.InventorySystemTest" time="3.004"/>
  <testcase name="testLoadPartsFromDatabase" classname="com.inventory.InventorySystemTest" time="0.672">
    <system-out><![CDATA[Loaded part: Steel Hammer
Loaded part: Fiberglass Hammer
Loaded part: Precision Screwdriver Set
Loaded part: Heavy Duty Screwdriver
Loaded part: Compact Tape Measure
Loaded part: Professional Tape Measure
Loaded part: Stainless Steel Nails
Loaded part: Brass Wood Screws
Loaded part: Cordless Power Drill
Loaded part: Drill Bit Set
Loaded part: Professional Paint Brushes
Loaded part: Gorilla Glue
Loaded part: Heavy Duty Duct Tape
Loaded part: Test Part
Loaded part: Test Part 1
Loaded part: Test Part 2
]]></system-out>
  </testcase>
  <testcase name="testLoadProductsFromDatabase" classname="com.inventory.InventorySystemTest" time="8.318">
    <system-out><![CDATA[Loaded product: DIY Home Repair Kit
Loaded product: Professional Contractor Toolkit
Loaded product: Weekend Warrior Set
Loaded product: Painting Essentials Bundle
Loaded product: Home Improvement Starter Pack
Loaded product: Woodworking Basics Kit
Loaded product: Gardening and Repair Collection
Loaded product: Emergency Repair Kit
Loaded product: Professional Craftsman Bundle
Loaded product: Home Maintenance Mega Set
Loaded product: Test Product
Loading complete!
]]></system-out>
  </testcase>
  <testcase name="testUpdateProduct" classname="com.inventory.InventorySystemTest" time="1.268"/>
</testsuite>